The system is: Windows - 10.0.19043 - AMD64
Compiling the C compiler identification source file "CMakeCCompilerId.c" succeeded.
Compiler: D:/programs/vs/VC/Tools/MSVC/14.29.30037/bin/Hostx86/x86/cl.exe 
Build flags: 
Id flags:  

The output was:
0
Microsoft (R) C/C++ Optimizing Compiler Version 19.29.30037 for x86
Copyright (C) Microsoft Corporation.  All rights reserved.

CMakeCCompilerId.c
Microsoft (R) Incremental Linker Version 14.29.30037.0
Copyright (C) Microsoft Corporation.  All rights reserved.

/out:CMakeCCompilerId.exe 
CMakeCCompilerId.obj 


Compilation of the C compiler identification source "CMakeCCompilerId.c" produced "CMakeCCompilerId.exe"

Compilation of the C compiler identification source "CMakeCCompilerId.c" produced "CMakeCCompilerId.obj"

The C compiler identification is MSVC, found in "D:/dev/projects/vulkan-demo/cmake-build-debug/CMakeFiles/3.19.2/CompilerIdC/CMakeCCompilerId.exe"

Compiling the CXX compiler identification source file "CMakeCXXCompilerId.cpp" succeeded.
Compiler: D:/programs/vs/VC/Tools/MSVC/14.29.30037/bin/Hostx86/x86/cl.exe 
Build flags: 
Id flags:  

The output was:
0
Microsoft (R) C/C++ Optimizing Compiler Version 19.29.30037 for x86
Copyright (C) Microsoft Corporation.  All rights reserved.

CMakeCXXCompilerId.cpp
Microsoft (R) Incremental Linker Version 14.29.30037.0
Copyright (C) Microsoft Corporation.  All rights reserved.

/out:CMakeCXXCompilerId.exe 
CMakeCXXCompilerId.obj 


Compilation of the CXX compiler identification source "CMakeCXXCompilerId.cpp" produced "CMakeCXXCompilerId.exe"

Compilation of the CXX compiler identification source "CMakeCXXCompilerId.cpp" produced "CMakeCXXCompilerId.obj"

The CXX compiler identification is MSVC, found in "D:/dev/projects/vulkan-demo/cmake-build-debug/CMakeFiles/3.19.2/CompilerIdCXX/CMakeCXXCompilerId.exe"

Detecting C compiler ABI info compiled with the following output:
Change Dir: D:/dev/projects/vulkan-demo/cmake-build-debug/CMakeFiles/CMakeTmp

Run Build Command(s):nmake /nologo cmTC_53579\fast && 	D:\programs\vs\VC\Tools\MSVC\14.29.30037\bin\HostX86\x86\nmake.exe  -f CMakeFiles\cmTC_53579.dir\build.make /nologo -L                  CMakeFiles\cmTC_53579.dir\build
Building C object CMakeFiles/cmTC_53579.dir/CMakeCCompilerABI.c.obj
	D:\programs\vs\VC\Tools\MSVC\14.29.30037\bin\Hostx86\x86\cl.exe @C:\Users\KABASA~1\AppData\Local\Temp\nm19FB.tmp
CMakeCCompilerABI.c
Linking C executable cmTC_53579.exe
	"D:\programs\CLion 2021.1.2\bin\cmake\win\bin\cmake.exe" -E vs_link_exe --intdir=CMakeFiles\cmTC_53579.dir --rc=C:\PROGRA~2\WI3CF2~1\10\bin\100183~1.0\x86\rc.exe --mt=C:\PROGRA~2\WI3CF2~1\10\bin\100183~1.0\x86\mt.exe --manifests -- D:\programs\vs\VC\Tools\MSVC\14.29.30037\bin\Hostx86\x86\link.exe /nologo @CMakeFiles\cmTC_53579.dir\objects1.rsp @C:\Users\KABASA~1\AppData\Local\Temp\nm1B25.tmp



Detecting CXX compiler ABI info compiled with the following output:
Change Dir: D:/dev/projects/vulkan-demo/cmake-build-debug/CMakeFiles/CMakeTmp

Run Build Command(s):nmake /nologo cmTC_bc562\fast && 	D:\programs\vs\VC\Tools\MSVC\14.29.30037\bin\HostX86\x86\nmake.exe  -f CMakeFiles\cmTC_bc562.dir\build.make /nologo -L                  CMakeFiles\cmTC_bc562.dir\build
Building CXX object CMakeFiles/cmTC_bc562.dir/CMakeCXXCompilerABI.cpp.obj
	D:\programs\vs\VC\Tools\MSVC\14.29.30037\bin\Hostx86\x86\cl.exe @C:\Users\KABASA~1\AppData\Local\Temp\nm1C4D.tmp
CMakeCXXCompilerABI.cpp
Linking CXX executable cmTC_bc562.exe
	"D:\programs\CLion 2021.1.2\bin\cmake\win\bin\cmake.exe" -E vs_link_exe --intdir=CMakeFiles\cmTC_bc562.dir --rc=C:\PROGRA~2\WI3CF2~1\10\bin\100183~1.0\x86\rc.exe --mt=C:\PROGRA~2\WI3CF2~1\10\bin\100183~1.0\x86\mt.exe --manifests -- D:\programs\vs\VC\Tools\MSVC\14.29.30037\bin\Hostx86\x86\link.exe /nologo @CMakeFiles\cmTC_bc562.dir\objects1.rsp @C:\Users\KABASA~1\AppData\Local\Temp\nm1C7D.tmp



Performing C++ SOURCE FILE Test COMPILER_HAS_DEPRECATED succeeded with the following output:
Change Dir: D:/dev/projects/vulkan-demo/cmake-build-debug/CMakeFiles/CMakeTmp

Run Build Command(s):nmake /nologo cmTC_f9de1\fast && 	D:\programs\vs\VC\Tools\MSVC\14.29.30037\bin\HostX86\x86\nmake.exe  -f CMakeFiles\cmTC_f9de1.dir\build.make /nologo -L                  CMakeFiles\cmTC_f9de1.dir\build
Building CXX object CMakeFiles/cmTC_f9de1.dir/src.cxx.obj
	D:\programs\vs\VC\Tools\MSVC\14.29.30037\bin\Hostx86\x86\cl.exe @C:\Users\KABASA~1\AppData\Local\Temp\nm1F4B.tmp
src.cxx
D:\dev\projects\vulkan-demo\cmake-build-debug\CMakeFiles\CMakeTmp\src.cxx(2): warning C4996: 'somefunc': was declared deprecated
Linking CXX executable cmTC_f9de1.exe
	"D:\programs\CLion 2021.1.2\bin\cmake\win\bin\cmake.exe" -E vs_link_exe --intdir=CMakeFiles\cmTC_f9de1.dir --rc=C:\PROGRA~2\WI3CF2~1\10\bin\100183~1.0\x86\rc.exe --mt=C:\PROGRA~2\WI3CF2~1\10\bin\100183~1.0\x86\mt.exe --manifests -- D:\programs\vs\VC\Tools\MSVC\14.29.30037\bin\Hostx86\x86\link.exe /nologo @CMakeFiles\cmTC_f9de1.dir\objects1.rsp @C:\Users\KABASA~1\AppData\Local\Temp\nm1F8A.tmp


Source file was:
__declspec(deprecated) int somefunc() { return 0; }
    int main() { return somefunc();}
